<?xml version="1.0" encoding="UTF-8"?>
<!-- Generated by org.testng.reporters.JUnitXMLReporter -->
<testsuite ignored="0" hostname="SarthakDell" failures="1" tests="13" name="Test" time="75.427" errors="0" timestamp="2024-02-28T19:40:19 EST">
  <testcase classname="jenkins_execution_check.Login" name="verifyLoginWithValidCredentials" time="1.236"/>
  <testcase classname="jenkins_execution_check.Login" name="verifyLoginWithInvalidCredentials" time="0.95"/>
  <testcase classname="jenkins_execution_check.Login" name="verifyLoginWithValidEmailInvalidPassword" time="0.791"/>
  <testcase classname="jenkins_execution_check.Login" name="verifyLoginWithInvalidEmailValidPassword" time="0.748"/>
  <testcase classname="jenkins_execution_check.Login" name="verifyLoginWithNoCredentials" time="0.64"/>
  <testcase classname="jenkins_execution_check.Register" name="verifyRegisterWithNoDetails" time="0.742"/>
  <testcase classname="jenkins_execution_check.Register" name="verifyRegisterWithMandatoryDetails" time="1.066"/>
  <testcase classname="jenkins_execution_check.Register" name="verifyRegisterWithAllDetails" time="1.192"/>
  <testcase classname="jenkins_execution_check.Register" name="verifyRegisterWithExistingEmail" time="1.148"/>
  <testcase classname="jenkins_execution_check.Register" name="verifyRegisterWithWrongConfirmPassword" time="1.311"/>
  <testcase classname="jenkins_execution_check.SearchProduct" name="verifySearchValidProduct" time="0.937">
    <failure type="java.lang.AssertionError" message="expected [false] but found [true]">
      <![CDATA[java.lang.AssertionError: expected [false] but found [true]
at jenkins_execution_check.SearchProduct.verifySearchValidProduct(SearchProduct.java:29)
at java.base/java.util.ArrayList.forEach(ArrayList.java:1511)
... Removed 31 stack frames]]>
    </failure>
  </testcase> <!-- verifySearchValidProduct -->
  <testcase classname="jenkins_execution_check.SearchProduct" name="verifySearchInvalidProduct" time="0.836"/>
  <testcase classname="jenkins_execution_check.SearchProduct" name="verifySearchNoProduct" time="0.459"/>
</testsuite> <!-- Test -->
