<?xml version="1.0" encoding="UTF-8"?>
<testng-results ignored="0" total="13" passed="12" failed="1" skipped="0">
  <reporter-output>
  </reporter-output>
  <suite started-at="2024-02-28T19:39:04 EST" name="Suite" finished-at="2024-02-28T19:40:19 EST" duration-ms="75427">
    <groups>
    </groups>
    <test started-at="2024-02-28T19:39:04 EST" name="Test" finished-at="2024-02-28T19:40:19 EST" duration-ms="75427">
      <class name="jenkins_execution_check.Register">
        <test-method is-config="true" signature="setup()[pri:0, instance:jenkins_execution_check.Register@248e319b]" started-at="2024-02-28T19:39:34 EST" name="setup" finished-at="2024-02-28T19:39:38 EST" duration-ms="4749" status="PASS">
          <reporter-output>
          </reporter-output>
        </test-method> <!-- setup -->
        <test-method signature="verifyRegisterWithNoDetails()[pri:1, instance:jenkins_execution_check.Register@248e319b]" started-at="2024-02-28T19:39:38 EST" name="verifyRegisterWithNoDetails" finished-at="2024-02-28T19:39:39 EST" duration-ms="742" status="PASS">
          <reporter-output>
          </reporter-output>
        </test-method> <!-- verifyRegisterWithNoDetails -->
        <test-method is-config="true" signature="tearDown()[pri:0, instance:jenkins_execution_check.Register@248e319b]" started-at="2024-02-28T19:39:39 EST" name="tearDown" finished-at="2024-02-28T19:39:39 EST" duration-ms="129" status="PASS">
          <reporter-output>
          </reporter-output>
        </test-method> <!-- tearDown -->
        <test-method is-config="true" signature="setup()[pri:0, instance:jenkins_execution_check.Register@248e319b]" started-at="2024-02-28T19:39:39 EST" name="setup" finished-at="2024-02-28T19:39:44 EST" duration-ms="4907" status="PASS">
          <reporter-output>
          </reporter-output>
        </test-method> <!-- setup -->
        <test-method signature="verifyRegisterWithMandatoryDetails()[pri:2, instance:jenkins_execution_check.Register@248e319b]" started-at="2024-02-28T19:39:44 EST" name="verifyRegisterWithMandatoryDetails" finished-at="2024-02-28T19:39:45 EST" duration-ms="1066" status="PASS">
          <reporter-output>
          </reporter-output>
        </test-method> <!-- verifyRegisterWithMandatoryDetails -->
        <test-method is-config="true" signature="tearDown()[pri:0, instance:jenkins_execution_check.Register@248e319b]" started-at="2024-02-28T19:39:45 EST" name="tearDown" finished-at="2024-02-28T19:39:45 EST" duration-ms="97" status="PASS">
          <reporter-output>
          </reporter-output>
        </test-method> <!-- tearDown -->
        <test-method is-config="true" signature="setup()[pri:0, instance:jenkins_execution_check.Register@248e319b]" started-at="2024-02-28T19:39:45 EST" name="setup" finished-at="2024-02-28T19:39:50 EST" duration-ms="4570" status="PASS">
          <reporter-output>
          </reporter-output>
        </test-method> <!-- setup -->
        <test-method signature="verifyRegisterWithAllDetails()[pri:3, instance:jenkins_execution_check.Register@248e319b]" started-at="2024-02-28T19:39:50 EST" name="verifyRegisterWithAllDetails" finished-at="2024-02-28T19:39:51 EST" duration-ms="1192" status="PASS">
          <reporter-output>
          </reporter-output>
        </test-method> <!-- verifyRegisterWithAllDetails -->
        <test-method is-config="true" signature="tearDown()[pri:0, instance:jenkins_execution_check.Register@248e319b]" started-at="2024-02-28T19:39:51 EST" name="tearDown" finished-at="2024-02-28T19:39:51 EST" duration-ms="155" status="PASS">
          <reporter-output>
          </reporter-output>
        </test-method> <!-- tearDown -->
        <test-method is-config="true" signature="setup()[pri:0, instance:jenkins_execution_check.Register@248e319b]" started-at="2024-02-28T19:39:51 EST" name="setup" finished-at="2024-02-28T19:39:56 EST" duration-ms="4820" status="PASS">
          <reporter-output>
          </reporter-output>
        </test-method> <!-- setup -->
        <test-method signature="verifyRegisterWithExistingEmail()[pri:4, instance:jenkins_execution_check.Register@248e319b]" started-at="2024-02-28T19:39:56 EST" name="verifyRegisterWithExistingEmail" finished-at="2024-02-28T19:39:57 EST" duration-ms="1148" status="PASS">
          <reporter-output>
          </reporter-output>
        </test-method> <!-- verifyRegisterWithExistingEmail -->
        <test-method is-config="true" signature="tearDown()[pri:0, instance:jenkins_execution_check.Register@248e319b]" started-at="2024-02-28T19:39:57 EST" name="tearDown" finished-at="2024-02-28T19:39:57 EST" duration-ms="142" status="PASS">
          <reporter-output>
          </reporter-output>
        </test-method> <!-- tearDown -->
        <test-method is-config="true" signature="setup()[pri:0, instance:jenkins_execution_check.Register@248e319b]" started-at="2024-02-28T19:39:57 EST" name="setup" finished-at="2024-02-28T19:40:02 EST" duration-ms="4912" status="PASS">
          <reporter-output>
          </reporter-output>
        </test-method> <!-- setup -->
        <test-method signature="verifyRegisterWithWrongConfirmPassword()[pri:5, instance:jenkins_execution_check.Register@248e319b]" started-at="2024-02-28T19:40:02 EST" name="verifyRegisterWithWrongConfirmPassword" finished-at="2024-02-28T19:40:04 EST" duration-ms="1311" status="PASS">
          <reporter-output>
          </reporter-output>
        </test-method> <!-- verifyRegisterWithWrongConfirmPassword -->
        <test-method is-config="true" signature="tearDown()[pri:0, instance:jenkins_execution_check.Register@248e319b]" started-at="2024-02-28T19:40:04 EST" name="tearDown" finished-at="2024-02-28T19:40:04 EST" duration-ms="127" status="PASS">
          <reporter-output>
          </reporter-output>
        </test-method> <!-- tearDown -->
      </class> <!-- jenkins_execution_check.Register -->
      <class name="jenkins_execution_check.Login">
        <test-method is-config="true" signature="setup()[pri:0, instance:jenkins_execution_check.Login@229c6181]" started-at="2024-02-28T19:39:04 EST" name="setup" finished-at="2024-02-28T19:39:09 EST" duration-ms="5666" status="PASS">
          <reporter-output>
          </reporter-output>
        </test-method> <!-- setup -->
        <test-method signature="verifyLoginWithValidCredentials()[pri:1, instance:jenkins_execution_check.Login@229c6181]" started-at="2024-02-28T19:39:09 EST" name="verifyLoginWithValidCredentials" finished-at="2024-02-28T19:39:11 EST" duration-ms="1236" status="PASS">
          <reporter-output>
          </reporter-output>
        </test-method> <!-- verifyLoginWithValidCredentials -->
        <test-method is-config="true" signature="tearDown()[pri:0, instance:jenkins_execution_check.Login@229c6181]" started-at="2024-02-28T19:39:11 EST" name="tearDown" finished-at="2024-02-28T19:39:11 EST" duration-ms="194" status="PASS">
          <reporter-output>
          </reporter-output>
        </test-method> <!-- tearDown -->
        <test-method is-config="true" signature="setup()[pri:0, instance:jenkins_execution_check.Login@229c6181]" started-at="2024-02-28T19:39:11 EST" name="setup" finished-at="2024-02-28T19:39:16 EST" duration-ms="4892" status="PASS">
          <reporter-output>
          </reporter-output>
        </test-method> <!-- setup -->
        <test-method signature="verifyLoginWithInvalidCredentials()[pri:2, instance:jenkins_execution_check.Login@229c6181]" started-at="2024-02-28T19:39:16 EST" name="verifyLoginWithInvalidCredentials" finished-at="2024-02-28T19:39:17 EST" duration-ms="950" status="PASS">
          <reporter-output>
          </reporter-output>
        </test-method> <!-- verifyLoginWithInvalidCredentials -->
        <test-method is-config="true" signature="tearDown()[pri:0, instance:jenkins_execution_check.Login@229c6181]" started-at="2024-02-28T19:39:17 EST" name="tearDown" finished-at="2024-02-28T19:39:17 EST" duration-ms="166" status="PASS">
          <reporter-output>
          </reporter-output>
        </test-method> <!-- tearDown -->
        <test-method is-config="true" signature="setup()[pri:0, instance:jenkins_execution_check.Login@229c6181]" started-at="2024-02-28T19:39:17 EST" name="setup" finished-at="2024-02-28T19:39:21 EST" duration-ms="4639" status="PASS">
          <reporter-output>
          </reporter-output>
        </test-method> <!-- setup -->
        <test-method signature="verifyLoginWithValidEmailInvalidPassword()[pri:3, instance:jenkins_execution_check.Login@229c6181]" started-at="2024-02-28T19:39:21 EST" name="verifyLoginWithValidEmailInvalidPassword" finished-at="2024-02-28T19:39:22 EST" duration-ms="791" status="PASS">
          <reporter-output>
          </reporter-output>
        </test-method> <!-- verifyLoginWithValidEmailInvalidPassword -->
        <test-method is-config="true" signature="tearDown()[pri:0, instance:jenkins_execution_check.Login@229c6181]" started-at="2024-02-28T19:39:22 EST" name="tearDown" finished-at="2024-02-28T19:39:22 EST" duration-ms="140" status="PASS">
          <reporter-output>
          </reporter-output>
        </test-method> <!-- tearDown -->
        <test-method is-config="true" signature="setup()[pri:0, instance:jenkins_execution_check.Login@229c6181]" started-at="2024-02-28T19:39:22 EST" name="setup" finished-at="2024-02-28T19:39:27 EST" duration-ms="4771" status="PASS">
          <reporter-output>
          </reporter-output>
        </test-method> <!-- setup -->
        <test-method signature="verifyLoginWithInvalidEmailValidPassword()[pri:4, instance:jenkins_execution_check.Login@229c6181]" started-at="2024-02-28T19:39:27 EST" name="verifyLoginWithInvalidEmailValidPassword" finished-at="2024-02-28T19:39:28 EST" duration-ms="748" status="PASS">
          <reporter-output>
          </reporter-output>
        </test-method> <!-- verifyLoginWithInvalidEmailValidPassword -->
        <test-method is-config="true" signature="tearDown()[pri:0, instance:jenkins_execution_check.Login@229c6181]" started-at="2024-02-28T19:39:28 EST" name="tearDown" finished-at="2024-02-28T19:39:28 EST" duration-ms="135" status="PASS">
          <reporter-output>
          </reporter-output>
        </test-method> <!-- tearDown -->
        <test-method is-config="true" signature="setup()[pri:0, instance:jenkins_execution_check.Login@229c6181]" started-at="2024-02-28T19:39:28 EST" name="setup" finished-at="2024-02-28T19:39:33 EST" duration-ms="4817" status="PASS">
          <reporter-output>
          </reporter-output>
        </test-method> <!-- setup -->
        <test-method signature="verifyLoginWithNoCredentials()[pri:5, instance:jenkins_execution_check.Login@229c6181]" started-at="2024-02-28T19:39:33 EST" name="verifyLoginWithNoCredentials" finished-at="2024-02-28T19:39:34 EST" duration-ms="640" status="PASS">
          <reporter-output>
          </reporter-output>
        </test-method> <!-- verifyLoginWithNoCredentials -->
        <test-method is-config="true" signature="tearDown()[pri:0, instance:jenkins_execution_check.Login@229c6181]" started-at="2024-02-28T19:39:34 EST" name="tearDown" finished-at="2024-02-28T19:39:34 EST" duration-ms="124" status="PASS">
          <reporter-output>
          </reporter-output>
        </test-method> <!-- tearDown -->
      </class> <!-- jenkins_execution_check.Login -->
      <class name="jenkins_execution_check.SearchProduct">
        <test-method is-config="true" signature="setup()[pri:0, instance:jenkins_execution_check.SearchProduct@5d0bf09b]" started-at="2024-02-28T19:40:04 EST" name="setup" finished-at="2024-02-28T19:40:08 EST" duration-ms="4528" status="PASS">
          <reporter-output>
          </reporter-output>
        </test-method> <!-- setup -->
        <test-method signature="verifySearchValidProduct()[pri:1, instance:jenkins_execution_check.SearchProduct@5d0bf09b]" started-at="2024-02-28T19:40:08 EST" name="verifySearchValidProduct" finished-at="2024-02-28T19:40:09 EST" duration-ms="937" status="FAIL">
          <exception class="java.lang.AssertionError">
            <message>
              <![CDATA[expected [false] but found [true]]]>
            </message>
            <full-stacktrace>
              <![CDATA[java.lang.AssertionError: expected [false] but found [true]
at org.testng.Assert.fail(Assert.java:111)
at org.testng.Assert.failNotEquals(Assert.java:1578)
at org.testng.Assert.assertFalse(Assert.java:79)
at org.testng.Assert.assertFalse(Assert.java:89)
at jenkins_execution_check.SearchProduct.verifySearchValidProduct(SearchProduct.java:29)
at java.base/jdk.internal.reflect.NativeMethodAccessorImpl.invoke0(Native Method)
at java.base/jdk.internal.reflect.NativeMethodAccessorImpl.invoke(NativeMethodAccessorImpl.java:77)
at java.base/jdk.internal.reflect.DelegatingMethodAccessorImpl.invoke(DelegatingMethodAccessorImpl.java:43)
at java.base/java.lang.reflect.Method.invoke(Method.java:568)
at org.testng.internal.invokers.MethodInvocationHelper.invokeMethod(MethodInvocationHelper.java:139)
at org.testng.internal.invokers.TestInvoker.invokeMethod(TestInvoker.java:664)
at org.testng.internal.invokers.TestInvoker.invokeTestMethod(TestInvoker.java:228)
at org.testng.internal.invokers.MethodRunner.runInSequence(MethodRunner.java:63)
at org.testng.internal.invokers.TestInvoker$MethodInvocationAgent.invoke(TestInvoker.java:961)
at org.testng.internal.invokers.TestInvoker.invokeTestMethods(TestInvoker.java:201)
at org.testng.internal.invokers.TestMethodWorker.invokeTestMethods(TestMethodWorker.java:148)
at org.testng.internal.invokers.TestMethodWorker.run(TestMethodWorker.java:128)
at java.base/java.util.ArrayList.forEach(ArrayList.java:1511)
at org.testng.TestRunner.privateRun(TestRunner.java:819)
at org.testng.TestRunner.run(TestRunner.java:619)
at org.testng.SuiteRunner.runTest(SuiteRunner.java:443)
at org.testng.SuiteRunner.runSequentially(SuiteRunner.java:437)
at org.testng.SuiteRunner.privateRun(SuiteRunner.java:397)
at org.testng.SuiteRunner.run(SuiteRunner.java:336)
at org.testng.SuiteRunnerWorker.runSuite(SuiteRunnerWorker.java:52)
at org.testng.SuiteRunnerWorker.run(SuiteRunnerWorker.java:95)
at org.testng.TestNG.runSuitesSequentially(TestNG.java:1301)
at org.testng.TestNG.runSuitesLocally(TestNG.java:1228)
at org.testng.TestNG.runSuites(TestNG.java:1134)
at org.testng.TestNG.run(TestNG.java:1101)
at org.testng.remote.AbstractRemoteTestNG.run(AbstractRemoteTestNG.java:115)
at org.testng.remote.RemoteTestNG.initAndRun(RemoteTestNG.java:251)
at org.testng.remote.RemoteTestNG.main(RemoteTestNG.java:77)
]]>
            </full-stacktrace>
          </exception> <!-- java.lang.AssertionError -->
          <reporter-output>
          </reporter-output>
        </test-method> <!-- verifySearchValidProduct -->
        <test-method is-config="true" signature="tearDown()[pri:0, instance:jenkins_execution_check.SearchProduct@5d0bf09b]" started-at="2024-02-28T19:40:09 EST" name="tearDown" finished-at="2024-02-28T19:40:09 EST" duration-ms="160" status="PASS">
          <reporter-output>
          </reporter-output>
        </test-method> <!-- tearDown -->
        <test-method is-config="true" signature="setup()[pri:0, instance:jenkins_execution_check.SearchProduct@5d0bf09b]" started-at="2024-02-28T19:40:09 EST" name="setup" finished-at="2024-02-28T19:40:13 EST" duration-ms="4018" status="PASS">
          <reporter-output>
          </reporter-output>
        </test-method> <!-- setup -->
        <test-method signature="verifySearchInvalidProduct()[pri:2, instance:jenkins_execution_check.SearchProduct@5d0bf09b]" started-at="2024-02-28T19:40:13 EST" name="verifySearchInvalidProduct" finished-at="2024-02-28T19:40:14 EST" duration-ms="836" status="PASS">
          <reporter-output>
          </reporter-output>
        </test-method> <!-- verifySearchInvalidProduct -->
        <test-method is-config="true" signature="tearDown()[pri:0, instance:jenkins_execution_check.SearchProduct@5d0bf09b]" started-at="2024-02-28T19:40:14 EST" name="tearDown" finished-at="2024-02-28T19:40:14 EST" duration-ms="92" status="PASS">
          <reporter-output>
          </reporter-output>
        </test-method> <!-- tearDown -->
        <test-method is-config="true" signature="setup()[pri:0, instance:jenkins_execution_check.SearchProduct@5d0bf09b]" started-at="2024-02-28T19:40:14 EST" name="setup" finished-at="2024-02-28T19:40:19 EST" duration-ms="4202" status="PASS">
          <reporter-output>
          </reporter-output>
        </test-method> <!-- setup -->
        <test-method signature="verifySearchNoProduct()[pri:3, instance:jenkins_execution_check.SearchProduct@5d0bf09b]" started-at="2024-02-28T19:40:19 EST" name="verifySearchNoProduct" finished-at="2024-02-28T19:40:19 EST" duration-ms="459" status="PASS">
          <reporter-output>
          </reporter-output>
        </test-method> <!-- verifySearchNoProduct -->
        <test-method is-config="true" signature="tearDown()[pri:0, instance:jenkins_execution_check.SearchProduct@5d0bf09b]" started-at="2024-02-28T19:40:19 EST" name="tearDown" finished-at="2024-02-28T19:40:19 EST" duration-ms="125" status="PASS">
          <reporter-output>
          </reporter-output>
        </test-method> <!-- tearDown -->
      </class> <!-- jenkins_execution_check.SearchProduct -->
    </test> <!-- Test -->
  </suite> <!-- Suite -->
</testng-results>
